2005.12.27 18:32 B C:\Documents and Settings\Ian\Desktop\Train Downloads\common.cab\LHD_SQ_TANK_CAB\blower.ace <-- _Matts_FTP /gowintransfer/DJB_Final_Issues_27_12_05/common.cab/LHD_SQ_TANK_CAB blower.ace
2005.12.27 18:32 B C:\Documents and Settings\Ian\Desktop\Train Downloads\common.cab\LHD_SQ_TANK_CAB\brake.ace <-- _Matts_FTP /gowintransfer/DJB_Final_Issues_27_12_05/common.cab/LHD_SQ_TANK_CAB brake.ace
2005.12.27 18:32 B C:\Documents and Settings\Ian\Desktop\Train Downloads\common.cab\LHD_SQ_TANK_CAB\coal.ace <-- _Matts_FTP /gowintransfer/DJB_Final_Issues_27_12_05/common.cab/LHD_SQ_TANK_CAB coal.ace
2005.12.27 18:32 B C:\Documents and Settings\Ian\Desktop\Train Downloads\common.cab\LHD_SQ_TANK_CAB\coal.ace.ace <-- _Matts_FTP /gowintransfer/DJB_Final_Issues_27_12_05/common.cab/LHD_SQ_TANK_CAB coal.ace.ace
2005.12.27 18:32 B C:\Documents and Settings\Ian\Desktop\Train Downloads\common.cab\LHD_SQ_TANK_CAB\cylindercocks.ace <-- _Matts_FTP /gowintransfer/DJB_Final_Issues_27_12_05/common.cab/LHD_SQ_TANK_CAB cylindercocks.ace
2005.12.27 18:32 B C:\Documents and Settings\Ian\Desktop\Train Downloads\common.cab\LHD_SQ_TANK_CAB\default.ace <-- _Matts_FTP /gowintransfer/DJB_Final_Issues_27_12_05/common.cab/LHD_SQ_TANK_CAB default.ace
2005.12.27 18:32 B C:\Documents and Settings\Ian\Desktop\Train Downloads\common.cab\LHD_SQ_TANK_CAB\fire.ace <-- _Matts_FTP /gowintransfer/DJB_Final_Issues_27_12_05/common.cab/LHD_SQ_TANK_CAB fire.ace
2005.12.27 18:32 B C:\Documents and Settings\Ian\Desktop\Train Downloads\common.cab\LHD_SQ_TANK_CAB\firebox.ace <-- _Matts_FTP /gowintransfer/DJB_Final_Issues_27_12_05/common.cab/LHD_SQ_TANK_CAB firebox.ace
2005.12.27 18:32 B C:\Documents and Settings\Ian\Desktop\Train Downloads\common.cab\LHD_SQ_TANK_CAB\fireboxdoor.ace <-- _Matts_FTP /gowintransfer/DJB_Final_Issues_27_12_05/common.cab/LHD_SQ_TANK_CAB fireboxdoor.ace
2005.12.27 18:32 B C:\Documents and Settings\Ian\Desktop\Train Downloads\common.cab\LHD_SQ_TANK_CAB\hrpthudfront.ace <-- _Matts_FTP /gowintransfer/DJB_Final_Issues_27_12_05/common.cab/LHD_SQ_TANK_CAB hrpthudfront.ace
2005.12.27 18:32 B C:\Documents and Settings\Ian\Desktop\Train Downloads\common.cab\LHD_SQ_TANK_CAB\hrpthudleft.ace <-- _Matts_FTP /gowintransfer/DJB_Final_Issues_27_12_05/common.cab/LHD_SQ_TANK_CAB hrpthudleft.ace
2005.12.27 18:32 B C:\Documents and Settings\Ian\Desktop\Train Downloads\common.cab\LHD_SQ_TANK_CAB\hrpthudright.ace <-- _Matts_FTP /gowintransfer/DJB_Final_Issues_27_12_05/common.cab/LHD_SQ_TANK_CAB hrpthudright.ace
2005.12.27 18:32 B C:\Documents and Settings\Ian\Desktop\Train Downloads\common.cab\LHD_SQ_TANK_CAB\hudfront.ace <-- _Matts_FTP /gowintransfer/DJB_Final_Issues_27_12_05/common.cab/LHD_SQ_TANK_CAB hudfront.ace
2005.12.27 18:32 B C:\Documents and Settings\Ian\Desktop\Train Downloads\common.cab\LHD_SQ_TANK_CAB\hudleft.ace <-- _Matts_FTP /gowintransfer/DJB_Final_Issues_27_12_05/common.cab/LHD_SQ_TANK_CAB hudleft.ace
2005.12.27 18:32 B C:\Documents and Settings\Ian\Desktop\Train Downloads\common.cab\LHD_SQ_TANK_CAB\hudright.ace <-- _Matts_FTP /gowintransfer/DJB_Final_Issues_27_12_05/common.cab/LHD_SQ_TANK_CAB hudright.ace
2005.12.27 18:32 B C:\Documents and Settings\Ian\Desktop\Train Downloads\common.cab\LHD_SQ_TANK_CAB\injectorsteam.ace <-- _Matts_FTP /gowintransfer/DJB_Final_Issues_27_12_05/common.cab/LHD_SQ_TANK_CAB injectorsteam.ace
2005.12.27 18:32 B C:\Documents and Settings\Ian\Desktop\Train Downloads\common.cab\LHD_SQ_TANK_CAB\injectorwaterleft.ace <-- _Matts_FTP /gowintransfer/DJB_Final_Issues_27_12_05/common.cab/LHD_SQ_TANK_CAB injectorwaterleft.ace
2005.12.27 18:32 B C:\Documents and Settings\Ian\Desktop\Train Downloads\common.cab\LHD_SQ_TANK_CAB\injectorwaterright.ace <-- _Matts_FTP /gowintransfer/DJB_Final_Issues_27_12_05/common.cab/LHD_SQ_TANK_CAB injectorwaterright.ace
2005.12.27 18:32 B C:\Documents and Settings\Ian\Desktop\Train Downloads\common.cab\LHD_SQ_TANK_CAB\LHDSQ.cvf <-- _Matts_FTP /gowintransfer/DJB_Final_Issues_27_12_05/common.cab/LHD_SQ_TANK_CAB LHDSQ.cvf
2005.12.27 18:32 B C:\Documents and Settings\Ian\Desktop\Train Downloads\common.cab\LHD_SQ_TANK_CAB\needle01.ace <-- _Matts_FTP /gowintransfer/DJB_Final_Issues_27_12_05/common.cab/LHD_SQ_TANK_CAB needle01.ace
2005.12.27 18:32 B C:\Documents and Settings\Ian\Desktop\Train Downloads\common.cab\LHD_SQ_TANK_CAB\needle02.ace <-- _Matts_FTP /gowintransfer/DJB_Final_Issues_27_12_05/common.cab/LHD_SQ_TANK_CAB needle02.ace
2005.12.27 18:32 B C:\Documents and Settings\Ian\Desktop\Train Downloads\common.cab\LHD_SQ_TANK_CAB\regulator.ace <-- _Matts_FTP /gowintransfer/DJB_Final_Issues_27_12_05/common.cab/LHD_SQ_TANK_CAB regulator.ace
2005.12.27 18:32 B C:\Documents and Settings\Ian\Desktop\Train Downloads\common.cab\LHD_SQ_TANK_CAB\regulator_ll.ace <-- _Matts_FTP /gowintransfer/DJB_Final_Issues_27_12_05/common.cab/LHD_SQ_TANK_CAB regulator_ll.ace
2005.12.27 18:32 B C:\Documents and Settings\Ian\Desktop\Train Downloads\common.cab\LHD_SQ_TANK_CAB\regulator_lr.ace <-- _Matts_FTP /gowintransfer/DJB_Final_Issues_27_12_05/common.cab/LHD_SQ_TANK_CAB regulator_lr.ace
2005.12.27 18:32 B C:\Documents and Settings\Ian\Desktop\Train Downloads\common.cab\LHD_SQ_TANK_CAB\regulator_ul.ace <-- _Matts_FTP /gowintransfer/DJB_Final_Issues_27_12_05/common.cab/LHD_SQ_TANK_CAB regulator_ul.ace
2005.12.27 18:32 B C:\Documents and Settings\Ian\Desktop\Train Downloads\common.cab\LHD_SQ_TANK_CAB\regulator_ur.ace <-- _Matts_FTP /gowintransfer/DJB_Final_Issues_27_12_05/common.cab/LHD_SQ_TANK_CAB regulator_ur.ace
2005.12.27 18:32 B C:\Documents and Settings\Ian\Desktop\Train Downloads\common.cab\LHD_SQ_TANK_CAB\reverser.ace <-- _Matts_FTP /gowintransfer/DJB_Final_Issues_27_12_05/common.cab/LHD_SQ_TANK_CAB reverser.ace
2005.12.27 18:32 B C:\Documents and Settings\Ian\Desktop\Train Downloads\common.cab\LHD_SQ_TANK_CAB\sander.ace <-- _Matts_FTP /gowintransfer/DJB_Final_Issues_27_12_05/common.cab/LHD_SQ_TANK_CAB sander.ace
2005.12.27 18:32 B C:\Documents and Settings\Ian\Desktop\Train Downloads\common.cab\LHD_SQ_TANK_CAB\Whistle.ace <-- _Matts_FTP /gowintransfer/DJB_Final_Issues_27_12_05/common.cab/LHD_SQ_TANK_CAB Whistle.ace
